#-----------------------------------------------------------
# Vivado v2021.1 (64-bit)
# SW Build 3247384 on Thu Jun 10 19:36:07 MDT 2021
# IP Build 3246043 on Fri Jun 11 00:30:35 MDT 2021
# Start of session at: Thu Apr  7 20:39:35 2022
# Process ID: 4719
# Current directory: /mnt/home/jxlin/panic_exp/build
# Command line: vivado -mode batch -source create_prj_test1.tcl
# Log file: /mnt/home/jxlin/panic_exp/build/vivado.log
# Journal file: /mnt/home/jxlin/panic_exp/build/vivado.jou
#-----------------------------------------------------------
WARNING: [Runs 36-547] Tool Strategy 'Vivado Synthesis Defaults' from file '/tools/Xilinx/Vivado/2021.1/strategies/VDS2014.psg' discarded because strategy with same name already parsed from '/tools/Xilinx/Vivado/2021.1//strategies/VDS2014.psg'
WARNING: [Runs 36-547] Tool Strategy 'Flow_RuntimeOptimized' from file '/tools/Xilinx/Vivado/2021.1/strategies/VDS2014.psg' discarded because strategy with same name already parsed from '/tools/Xilinx/Vivado/2021.1//strategies/VDS2014.psg'
WARNING: [Runs 36-547] Tool Strategy 'Flow_AreaOptimized_High' from file '/tools/Xilinx/Vivado/2021.1/strategies/VDS2014.psg' discarded because strategy with same name already parsed from '/tools/Xilinx/Vivado/2021.1//strategies/VDS2014.psg'
WARNING: [Runs 36-547] Tool Strategy 'Flow_PerfOptimized_High' from file '/tools/Xilinx/Vivado/2021.1/strategies/VDS2014.psg' discarded because strategy with same name already parsed from '/tools/Xilinx/Vivado/2021.1//strategies/VDS2014.psg'
WARNING: [Runs 36-547] Tool Strategy 'Vivado Implementation Defaults' from file '/tools/Xilinx/Vivado/2021.1/strategies/VDI2021.psg' discarded because strategy with same name already parsed from '/tools/Xilinx/Vivado/2021.1//strategies/VDI2021.psg'
WARNING: [Runs 36-547] Tool Strategy 'Performance_Explore' from file '/tools/Xilinx/Vivado/2021.1/strategies/VDI2021.psg' discarded because strategy with same name already parsed from '/tools/Xilinx/Vivado/2021.1//strategies/VDI2021.psg'
WARNING: [Runs 36-547] Tool Strategy 'Performance_ExplorePostRoutePhysOpt' from file '/tools/Xilinx/Vivado/2021.1/strategies/VDI2021.psg' discarded because strategy with same name already parsed from '/tools/Xilinx/Vivado/2021.1//strategies/VDI2021.psg'
WARNING: [Runs 36-547] Tool Strategy 'Performance_ExploreWithRemap' from file '/tools/Xilinx/Vivado/2021.1/strategies/VDI2021.psg' discarded because strategy with same name already parsed from '/tools/Xilinx/Vivado/2021.1//strategies/VDI2021.psg'
WARNING: [Runs 36-547] Tool Strategy 'Performance_WLBlockPlacement' from file '/tools/Xilinx/Vivado/2021.1/strategies/VDI2021.psg' discarded because strategy with same name already parsed from '/tools/Xilinx/Vivado/2021.1//strategies/VDI2021.psg'
WARNING: [Runs 36-547] Tool Strategy 'Performance_WLBlockPlacementFanoutOpt' from file '/tools/Xilinx/Vivado/2021.1/strategies/VDI2021.psg' discarded because strategy with same name already parsed from '/tools/Xilinx/Vivado/2021.1//strategies/VDI2021.psg'
WARNING: [Runs 36-547] Tool Strategy 'Performance_EarlyBlockPlacement' from file '/tools/Xilinx/Vivado/2021.1/strategies/VDI2021.psg' discarded because strategy with same name already parsed from '/tools/Xilinx/Vivado/2021.1//strategies/VDI2021.psg'
WARNING: [Runs 36-547] Tool Strategy 'Performance_NetDelay_high' from file '/tools/Xilinx/Vivado/2021.1/strategies/VDI2021.psg' discarded because strategy with same name already parsed from '/tools/Xilinx/Vivado/2021.1//strategies/VDI2021.psg'
WARNING: [Runs 36-547] Tool Strategy 'Performance_NetDelay_low' from file '/tools/Xilinx/Vivado/2021.1/strategies/VDI2021.psg' discarded because strategy with same name already parsed from '/tools/Xilinx/Vivado/2021.1//strategies/VDI2021.psg'
WARNING: [Runs 36-547] Tool Strategy 'Performance_Retiming' from file '/tools/Xilinx/Vivado/2021.1/strategies/VDI2021.psg' discarded because strategy with same name already parsed from '/tools/Xilinx/Vivado/2021.1//strategies/VDI2021.psg'
WARNING: [Runs 36-547] Tool Strategy 'Performance_ExtraTimingOpt' from file '/tools/Xilinx/Vivado/2021.1/strategies/VDI2021.psg' discarded because strategy with same name already parsed from '/tools/Xilinx/Vivado/2021.1//strategies/VDI2021.psg'
WARNING: [Runs 36-547] Tool Strategy 'Performance_RefinePlacement' from file '/tools/Xilinx/Vivado/2021.1/strategies/VDI2021.psg' discarded because strategy with same name already parsed from '/tools/Xilinx/Vivado/2021.1//strategies/VDI2021.psg'
WARNING: [Runs 36-547] Tool Strategy 'Performance_SpreadSLLs' from file '/tools/Xilinx/Vivado/2021.1/strategies/VDI2021.psg' discarded because strategy with same name already parsed from '/tools/Xilinx/Vivado/2021.1//strategies/VDI2021.psg'
WARNING: [Runs 36-547] Tool Strategy 'Performance_BalanceSLLs' from file '/tools/Xilinx/Vivado/2021.1/strategies/VDI2021.psg' discarded because strategy with same name already parsed from '/tools/Xilinx/Vivado/2021.1//strategies/VDI2021.psg'
WARNING: [Runs 36-547] Tool Strategy 'Performance_BalanceSLRs' from file '/tools/Xilinx/Vivado/2021.1/strategies/VDI2021.psg' discarded because strategy with same name already parsed from '/tools/Xilinx/Vivado/2021.1//strategies/VDI2021.psg'
WARNING: [Runs 36-547] Tool Strategy 'Performance_HighUtilSLRs' from file '/tools/Xilinx/Vivado/2021.1/strategies/VDI2021.psg' discarded because strategy with same name already parsed from '/tools/Xilinx/Vivado/2021.1//strategies/VDI2021.psg'
WARNING: [Runs 36-547] Tool Strategy 'Congestion_SpreadLogic_high' from file '/tools/Xilinx/Vivado/2021.1/strategies/VDI2021.psg' discarded because strategy with same name already parsed from '/tools/Xilinx/Vivado/2021.1//strategies/VDI2021.psg'
WARNING: [Runs 36-547] Tool Strategy 'Congestion_SpreadLogic_medium' from file '/tools/Xilinx/Vivado/2021.1/strategies/VDI2021.psg' discarded because strategy with same name already parsed from '/tools/Xilinx/Vivado/2021.1//strategies/VDI2021.psg'
WARNING: [Runs 36-547] Tool Strategy 'Congestion_SpreadLogic_low' from file '/tools/Xilinx/Vivado/2021.1/strategies/VDI2021.psg' discarded because strategy with same name already parsed from '/tools/Xilinx/Vivado/2021.1//strategies/VDI2021.psg'
WARNING: [Runs 36-547] Tool Strategy 'Congestion_SSI_SpreadLogic_high' from file '/tools/Xilinx/Vivado/2021.1/strategies/VDI2021.psg' discarded because strategy with same name already parsed from '/tools/Xilinx/Vivado/2021.1//strategies/VDI2021.psg'
WARNING: [Runs 36-547] Tool Strategy 'Congestion_SSI_SpreadLogic_low' from file '/tools/Xilinx/Vivado/2021.1/strategies/VDI2021.psg' discarded because strategy with same name already parsed from '/tools/Xilinx/Vivado/2021.1//strategies/VDI2021.psg'
WARNING: [Runs 36-547] Tool Strategy 'Area_Explore' from file '/tools/Xilinx/Vivado/2021.1/strategies/VDI2021.psg' discarded because strategy with same name already parsed from '/tools/Xilinx/Vivado/2021.1//strategies/VDI2021.psg'
WARNING: [Runs 36-547] Tool Strategy 'Area_ExploreSequential' from file '/tools/Xilinx/Vivado/2021.1/strategies/VDI2021.psg' discarded because strategy with same name already parsed from '/tools/Xilinx/Vivado/2021.1//strategies/VDI2021.psg'
WARNING: [Runs 36-547] Tool Strategy 'Area_ExploreWithRemap' from file '/tools/Xilinx/Vivado/2021.1/strategies/VDI2021.psg' discarded because strategy with same name already parsed from '/tools/Xilinx/Vivado/2021.1//strategies/VDI2021.psg'
WARNING: [Runs 36-547] Tool Strategy 'Power_DefaultOpt' from file '/tools/Xilinx/Vivado/2021.1/strategies/VDI2021.psg' discarded because strategy with same name already parsed from '/tools/Xilinx/Vivado/2021.1//strategies/VDI2021.psg'
WARNING: [Runs 36-547] Tool Strategy 'Power_ExploreArea' from file '/tools/Xilinx/Vivado/2021.1/strategies/VDI2021.psg' discarded because strategy with same name already parsed from '/tools/Xilinx/Vivado/2021.1//strategies/VDI2021.psg'
WARNING: [Runs 36-547] Tool Strategy 'Flow_RunPhysOpt' from file '/tools/Xilinx/Vivado/2021.1/strategies/VDI2021.psg' discarded because strategy with same name already parsed from '/tools/Xilinx/Vivado/2021.1//strategies/VDI2021.psg'
WARNING: [Runs 36-547] Tool Strategy 'Flow_RunPostRoutePhysOpt' from file '/tools/Xilinx/Vivado/2021.1/strategies/VDI2021.psg' discarded because strategy with same name already parsed from '/tools/Xilinx/Vivado/2021.1//strategies/VDI2021.psg'
WARNING: [Runs 36-547] Tool Strategy 'Flow_RuntimeOptimized' from file '/tools/Xilinx/Vivado/2021.1/strategies/VDI2021.psg' discarded because strategy with same name already parsed from '/tools/Xilinx/Vivado/2021.1//strategies/VDI2021.psg'
WARNING: [Runs 36-547] Tool Strategy 'Flow_Quick' from file '/tools/Xilinx/Vivado/2021.1/strategies/VDI2021.psg' discarded because strategy with same name already parsed from '/tools/Xilinx/Vivado/2021.1//strategies/VDI2021.psg'
WARNING: [Runs 36-547] Tool Strategy 'Vivado Implementation Defaults' from file '/tools/Xilinx/Vivado/2021.1/strategies/VDI2017.psg' discarded because strategy with same name already parsed from '/tools/Xilinx/Vivado/2021.1//strategies/VDI2017.psg'
WARNING: [Runs 36-547] Tool Strategy 'Performance_Explore' from file '/tools/Xilinx/Vivado/2021.1/strategies/VDI2017.psg' discarded because strategy with same name already parsed from '/tools/Xilinx/Vivado/2021.1//strategies/VDI2017.psg'
WARNING: [Runs 36-547] Tool Strategy 'Performance_ExplorePostRoutePhysOpt' from file '/tools/Xilinx/Vivado/2021.1/strategies/VDI2017.psg' discarded because strategy with same name already parsed from '/tools/Xilinx/Vivado/2021.1//strategies/VDI2017.psg'
WARNING: [Runs 36-547] Tool Strategy 'Performance_WLBlockPlacement' from file '/tools/Xilinx/Vivado/2021.1/strategies/VDI2017.psg' discarded because strategy with same name already parsed from '/tools/Xilinx/Vivado/2021.1//strategies/VDI2017.psg'
WARNING: [Runs 36-547] Tool Strategy 'Performance_WLBlockPlacementFanoutOpt' from file '/tools/Xilinx/Vivado/2021.1/strategies/VDI2017.psg' discarded because strategy with same name already parsed from '/tools/Xilinx/Vivado/2021.1//strategies/VDI2017.psg'
WARNING: [Runs 36-547] Tool Strategy 'Performance_EarlyBlockPlacement' from file '/tools/Xilinx/Vivado/2021.1/strategies/VDI2017.psg' discarded because strategy with same name already parsed from '/tools/Xilinx/Vivado/2021.1//strategies/VDI2017.psg'
WARNING: [Runs 36-547] Tool Strategy 'Performance_NetDelay_high' from file '/tools/Xilinx/Vivado/2021.1/strategies/VDI2017.psg' discarded because strategy with same name already parsed from '/tools/Xilinx/Vivado/2021.1//strategies/VDI2017.psg'
WARNING: [Runs 36-547] Tool Strategy 'Performance_NetDelay_low' from file '/tools/Xilinx/Vivado/2021.1/strategies/VDI2017.psg' discarded because strategy with same name already parsed from '/tools/Xilinx/Vivado/2021.1//strategies/VDI2017.psg'
WARNING: [Runs 36-547] Tool Strategy 'Performance_Retiming' from file '/tools/Xilinx/Vivado/2021.1/strategies/VDI2017.psg' discarded because strategy with same name already parsed from '/tools/Xilinx/Vivado/2021.1//strategies/VDI2017.psg'
WARNING: [Runs 36-547] Tool Strategy 'Performance_ExtraTimingOpt' from file '/tools/Xilinx/Vivado/2021.1/strategies/VDI2017.psg' discarded because strategy with same name already parsed from '/tools/Xilinx/Vivado/2021.1//strategies/VDI2017.psg'
WARNING: [Runs 36-547] Tool Strategy 'Performance_RefinePlacement' from file '/tools/Xilinx/Vivado/2021.1/strategies/VDI2017.psg' discarded because strategy with same name already parsed from '/tools/Xilinx/Vivado/2021.1//strategies/VDI2017.psg'
WARNING: [Runs 36-547] Tool Strategy 'Performance_SpreadSLLs' from file '/tools/Xilinx/Vivado/2021.1/strategies/VDI2017.psg' discarded because strategy with same name already parsed from '/tools/Xilinx/Vivado/2021.1//strategies/VDI2017.psg'
WARNING: [Runs 36-547] Tool Strategy 'Performance_BalanceSLLs' from file '/tools/Xilinx/Vivado/2021.1/strategies/VDI2017.psg' discarded because strategy with same name already parsed from '/tools/Xilinx/Vivado/2021.1//strategies/VDI2017.psg'
WARNING: [Runs 36-547] Tool Strategy 'Congestion_SpreadLogic_high' from file '/tools/Xilinx/Vivado/2021.1/strategies/VDI2017.psg' discarded because strategy with same name already parsed from '/tools/Xilinx/Vivado/2021.1//strategies/VDI2017.psg'
WARNING: [Runs 36-547] Tool Strategy 'Congestion_SpreadLogic_medium' from file '/tools/Xilinx/Vivado/2021.1/strategies/VDI2017.psg' discarded because strategy with same name already parsed from '/tools/Xilinx/Vivado/2021.1//strategies/VDI2017.psg'
WARNING: [Runs 36-547] Tool Strategy 'Congestion_SpreadLogic_low' from file '/tools/Xilinx/Vivado/2021.1/strategies/VDI2017.psg' discarded because strategy with same name already parsed from '/tools/Xilinx/Vivado/2021.1//strategies/VDI2017.psg'
WARNING: [Runs 36-547] Tool Strategy 'Congestion_SpreadLogic_Explore' from file '/tools/Xilinx/Vivado/2021.1/strategies/VDI2017.psg' discarded because strategy with same name already parsed from '/tools/Xilinx/Vivado/2021.1//strategies/VDI2017.psg'
WARNING: [Runs 36-547] Tool Strategy 'Congestion_SSI_SpreadLogic_high' from file '/tools/Xilinx/Vivado/2021.1/strategies/VDI2017.psg' discarded because strategy with same name already parsed from '/tools/Xilinx/Vivado/2021.1//strategies/VDI2017.psg'
WARNING: [Runs 36-547] Tool Strategy 'Congestion_SSI_SpreadLogic_low' from file '/tools/Xilinx/Vivado/2021.1/strategies/VDI2017.psg' discarded because strategy with same name already parsed from '/tools/Xilinx/Vivado/2021.1//strategies/VDI2017.psg'
WARNING: [Runs 36-547] Tool Strategy 'Congestion_SSI_SpreadLogic_Explore' from file '/tools/Xilinx/Vivado/2021.1/strategies/VDI2017.psg' discarded because strategy with same name already parsed from '/tools/Xilinx/Vivado/2021.1//strategies/VDI2017.psg'
WARNING: [Runs 36-547] Tool Strategy 'Area_Explore' from file '/tools/Xilinx/Vivado/2021.1/strategies/VDI2017.psg' discarded because strategy with same name already parsed from '/tools/Xilinx/Vivado/2021.1//strategies/VDI2017.psg'
WARNING: [Runs 36-547] Tool Strategy 'Area_ExploreSequential' from file '/tools/Xilinx/Vivado/2021.1/strategies/VDI2017.psg' discarded because strategy with same name already parsed from '/tools/Xilinx/Vivado/2021.1//strategies/VDI2017.psg'
WARNING: [Runs 36-547] Tool Strategy 'Area_ExploreWithRemap' from file '/tools/Xilinx/Vivado/2021.1/strategies/VDI2017.psg' discarded because strategy with same name already parsed from '/tools/Xilinx/Vivado/2021.1//strategies/VDI2017.psg'
WARNING: [Runs 36-547] Tool Strategy 'Power_DefaultOpt' from file '/tools/Xilinx/Vivado/2021.1/strategies/VDI2017.psg' discarded because strategy with same name already parsed from '/tools/Xilinx/Vivado/2021.1//strategies/VDI2017.psg'
WARNING: [Runs 36-547] Tool Strategy 'Power_ExploreArea' from file '/tools/Xilinx/Vivado/2021.1/strategies/VDI2017.psg' discarded because strategy with same name already parsed from '/tools/Xilinx/Vivado/2021.1//strategies/VDI2017.psg'
WARNING: [Runs 36-547] Tool Strategy 'Flow_RunPhysOpt' from file '/tools/Xilinx/Vivado/2021.1/strategies/VDI2017.psg' discarded because strategy with same name already parsed from '/tools/Xilinx/Vivado/2021.1//strategies/VDI2017.psg'
WARNING: [Runs 36-547] Tool Strategy 'Flow_RunPostRoutePhysOpt' from file '/tools/Xilinx/Vivado/2021.1/strategies/VDI2017.psg' discarded because strategy with same name already parsed from '/tools/Xilinx/Vivado/2021.1//strategies/VDI2017.psg'
WARNING: [Runs 36-547] Tool Strategy 'Flow_RuntimeOptimized' from file '/tools/Xilinx/Vivado/2021.1/strategies/VDI2017.psg' discarded because strategy with same name already parsed from '/tools/Xilinx/Vivado/2021.1//strategies/VDI2017.psg'
WARNING: [Runs 36-547] Tool Strategy 'Flow_Quick' from file '/tools/Xilinx/Vivado/2021.1/strategies/VDI2017.psg' discarded because strategy with same name already parsed from '/tools/Xilinx/Vivado/2021.1//strategies/VDI2017.psg'
WARNING: [Runs 36-547] Tool Strategy 'Vivado Implementation Defaults' from file '/tools/Xilinx/Vivado/2021.1/strategies/VDI2019.psg' discarded because strategy with same name already parsed from '/tools/Xilinx/Vivado/2021.1//strategies/VDI2019.psg'
WARNING: [Runs 36-547] Tool Strategy 'Performance_Explore' from file '/tools/Xilinx/Vivado/2021.1/strategies/VDI2019.psg' discarded because strategy with same name already parsed from '/tools/Xilinx/Vivado/2021.1//strategies/VDI2019.psg'
WARNING: [Runs 36-547] Tool Strategy 'Performance_ExplorePostRoutePhysOpt' from file '/tools/Xilinx/Vivado/2021.1/strategies/VDI2019.psg' discarded because strategy with same name already parsed from '/tools/Xilinx/Vivado/2021.1//strategies/VDI2019.psg'
WARNING: [Runs 36-547] Tool Strategy 'Performance_ExploreWithRemap' from file '/tools/Xilinx/Vivado/2021.1/strategies/VDI2019.psg' discarded because strategy with same name already parsed from '/tools/Xilinx/Vivado/2021.1//strategies/VDI2019.psg'
WARNING: [Runs 36-547] Tool Strategy 'Performance_WLBlockPlacement' from file '/tools/Xilinx/Vivado/2021.1/strategies/VDI2019.psg' discarded because strategy with same name already parsed from '/tools/Xilinx/Vivado/2021.1//strategies/VDI2019.psg'
WARNING: [Runs 36-547] Tool Strategy 'Performance_WLBlockPlacementFanoutOpt' from file '/tools/Xilinx/Vivado/2021.1/strategies/VDI2019.psg' discarded because strategy with same name already parsed from '/tools/Xilinx/Vivado/2021.1//strategies/VDI2019.psg'
WARNING: [Runs 36-547] Tool Strategy 'Performance_EarlyBlockPlacement' from file '/tools/Xilinx/Vivado/2021.1/strategies/VDI2019.psg' discarded because strategy with same name already parsed from '/tools/Xilinx/Vivado/2021.1//strategies/VDI2019.psg'
WARNING: [Runs 36-547] Tool Strategy 'Performance_NetDelay_high' from file '/tools/Xilinx/Vivado/2021.1/strategies/VDI2019.psg' discarded because strategy with same name already parsed from '/tools/Xilinx/Vivado/2021.1//strategies/VDI2019.psg'
WARNING: [Runs 36-547] Tool Strategy 'Performance_NetDelay_low' from file '/tools/Xilinx/Vivado/2021.1/strategies/VDI2019.psg' discarded because strategy with same name already parsed from '/tools/Xilinx/Vivado/2021.1//strategies/VDI2019.psg'
WARNING: [Runs 36-547] Tool Strategy 'Performance_Retiming' from file '/tools/Xilinx/Vivado/2021.1/strategies/VDI2019.psg' discarded because strategy with same name already parsed from '/tools/Xilinx/Vivado/2021.1//strategies/VDI2019.psg'
WARNING: [Runs 36-547] Tool Strategy 'Performance_ExtraTimingOpt' from file '/tools/Xilinx/Vivado/2021.1/strategies/VDI2019.psg' discarded because strategy with same name already parsed from '/tools/Xilinx/Vivado/2021.1//strategies/VDI2019.psg'
WARNING: [Runs 36-547] Tool Strategy 'Performance_RefinePlacement' from file '/tools/Xilinx/Vivado/2021.1/strategies/VDI2019.psg' discarded because strategy with same name already parsed from '/tools/Xilinx/Vivado/2021.1//strategies/VDI2019.psg'
WARNING: [Runs 36-547] Tool Strategy 'Performance_SpreadSLLs' from file '/tools/Xilinx/Vivado/2021.1/strategies/VDI2019.psg' discarded because strategy with same name already parsed from '/tools/Xilinx/Vivado/2021.1//strategies/VDI2019.psg'
WARNING: [Runs 36-547] Tool Strategy 'Performance_BalanceSLLs' from file '/tools/Xilinx/Vivado/2021.1/strategies/VDI2019.psg' discarded because strategy with same name already parsed from '/tools/Xilinx/Vivado/2021.1//strategies/VDI2019.psg'
WARNING: [Runs 36-547] Tool Strategy 'Performance_BalanceSLRs' from file '/tools/Xilinx/Vivado/2021.1/strategies/VDI2019.psg' discarded because strategy with same name already parsed from '/tools/Xilinx/Vivado/2021.1//strategies/VDI2019.psg'
WARNING: [Runs 36-547] Tool Strategy 'Performance_HighUtilSLRs' from file '/tools/Xilinx/Vivado/2021.1/strategies/VDI2019.psg' discarded because strategy with same name already parsed from '/tools/Xilinx/Vivado/2021.1//strategies/VDI2019.psg'
WARNING: [Runs 36-547] Tool Strategy 'Congestion_SpreadLogic_high' from file '/tools/Xilinx/Vivado/2021.1/strategies/VDI2019.psg' discarded because strategy with same name already parsed from '/tools/Xilinx/Vivado/2021.1//strategies/VDI2019.psg'
WARNING: [Runs 36-547] Tool Strategy 'Congestion_SpreadLogic_medium' from file '/tools/Xilinx/Vivado/2021.1/strategies/VDI2019.psg' discarded because strategy with same name already parsed from '/tools/Xilinx/Vivado/2021.1//strategies/VDI2019.psg'
WARNING: [Runs 36-547] Tool Strategy 'Congestion_SpreadLogic_low' from file '/tools/Xilinx/Vivado/2021.1/strategies/VDI2019.psg' discarded because strategy with same name already parsed from '/tools/Xilinx/Vivado/2021.1//strategies/VDI2019.psg'
WARNING: [Runs 36-547] Tool Strategy 'Congestion_SSI_SpreadLogic_high' from file '/tools/Xilinx/Vivado/2021.1/strategies/VDI2019.psg' discarded because strategy with same name already parsed from '/tools/Xilinx/Vivado/2021.1//strategies/VDI2019.psg'
WARNING: [Runs 36-547] Tool Strategy 'Congestion_SSI_SpreadLogic_low' from file '/tools/Xilinx/Vivado/2021.1/strategies/VDI2019.psg' discarded because strategy with same name already parsed from '/tools/Xilinx/Vivado/2021.1//strategies/VDI2019.psg'
WARNING: [Runs 36-547] Tool Strategy 'Area_Explore' from file '/tools/Xilinx/Vivado/2021.1/strategies/VDI2019.psg' discarded because strategy with same name already parsed from '/tools/Xilinx/Vivado/2021.1//strategies/VDI2019.psg'
WARNING: [Runs 36-547] Tool Strategy 'Area_ExploreSequential' from file '/tools/Xilinx/Vivado/2021.1/strategies/VDI2019.psg' discarded because strategy with same name already parsed from '/tools/Xilinx/Vivado/2021.1//strategies/VDI2019.psg'
WARNING: [Runs 36-547] Tool Strategy 'Area_ExploreWithRemap' from file '/tools/Xilinx/Vivado/2021.1/strategies/VDI2019.psg' discarded because strategy with same name already parsed from '/tools/Xilinx/Vivado/2021.1//strategies/VDI2019.psg'
WARNING: [Runs 36-547] Tool Strategy 'Power_DefaultOpt' from file '/tools/Xilinx/Vivado/2021.1/strategies/VDI2019.psg' discarded because strategy with same name already parsed from '/tools/Xilinx/Vivado/2021.1//strategies/VDI2019.psg'
WARNING: [Runs 36-547] Tool Strategy 'Power_ExploreArea' from file '/tools/Xilinx/Vivado/2021.1/strategies/VDI2019.psg' discarded because strategy with same name already parsed from '/tools/Xilinx/Vivado/2021.1//strategies/VDI2019.psg'
WARNING: [Runs 36-547] Tool Strategy 'Flow_RunPhysOpt' from file '/tools/Xilinx/Vivado/2021.1/strategies/VDI2019.psg' discarded because strategy with same name already parsed from '/tools/Xilinx/Vivado/2021.1//strategies/VDI2019.psg'
WARNING: [Runs 36-547] Tool Strategy 'Flow_RunPostRoutePhysOpt' from file '/tools/Xilinx/Vivado/2021.1/strategies/VDI2019.psg' discarded because strategy with same name already parsed from '/tools/Xilinx/Vivado/2021.1//strategies/VDI2019.psg'
WARNING: [Runs 36-547] Tool Strategy 'Flow_RuntimeOptimized' from file '/tools/Xilinx/Vivado/2021.1/strategies/VDI2019.psg' discarded because strategy with same name already parsed from '/tools/Xilinx/Vivado/2021.1//strategies/VDI2019.psg'
WARNING: [Runs 36-547] Tool Strategy 'Flow_Quick' from file '/tools/Xilinx/Vivado/2021.1/strategies/VDI2019.psg' discarded because strategy with same name already parsed from '/tools/Xilinx/Vivado/2021.1//strategies/VDI2019.psg'
WARNING: [Runs 36-547] Tool Strategy 'Vivado Synthesis Defaults' from file '/tools/Xilinx/Vivado/2021.1/strategies/VDS2013.psg' discarded because strategy with same name already parsed from '/tools/Xilinx/Vivado/2021.1//strategies/VDS2013.psg'
WARNING: [Runs 36-547] Tool Strategy 'Flow_RuntimeOptimized' from file '/tools/Xilinx/Vivado/2021.1/strategies/VDS2013.psg' discarded because strategy with same name already parsed from '/tools/Xilinx/Vivado/2021.1//strategies/VDS2013.psg'
WARNING: [Runs 36-547] Tool Strategy 'Vivado Synthesis Defaults' from file '/tools/Xilinx/Vivado/2021.1/strategies/VDS2019.psg' discarded because strategy with same name already parsed from '/tools/Xilinx/Vivado/2021.1//strategies/VDS2019.psg'
WARNING: [Runs 36-547] Tool Strategy 'Flow_AreaOptimized_high' from file '/tools/Xilinx/Vivado/2021.1/strategies/VDS2019.psg' discarded because strategy with same name already parsed from '/tools/Xilinx/Vivado/2021.1//strategies/VDS2019.psg'
WARNING: [Runs 36-547] Tool Strategy 'Flow_AreaOptimized_medium' from file '/tools/Xilinx/Vivado/2021.1/strategies/VDS2019.psg' discarded because strategy with same name already parsed from '/tools/Xilinx/Vivado/2021.1//strategies/VDS2019.psg'
WARNING: [Runs 36-547] Tool Strategy 'Flow_AreaMultThresholdDSP' from file '/tools/Xilinx/Vivado/2021.1/strategies/VDS2019.psg' discarded because strategy with same name already parsed from '/tools/Xilinx/Vivado/2021.1//strategies/VDS2019.psg'
WARNING: [Runs 36-547] Tool Strategy 'Flow_AlternateRoutability' from file '/tools/Xilinx/Vivado/2021.1/strategies/VDS2019.psg' discarded because strategy with same name already parsed from '/tools/Xilinx/Vivado/2021.1//strategies/VDS2019.psg'
INFO: [Common 17-14] Message 'Runs 36-547' appears 100 times and further instances of the messages will be disabled. Use the Tcl command set_msg_config to change the current settings.
WARNING: [Runs 36-546] Tool Report Strategy 'Vivado Synthesis Default Reports' from file '/tools/Xilinx/Vivado/2021.1/reportstrategies/VRS2018.psg' discarded because strategy with same name already parsed from '/tools/Xilinx/Vivado/2021.1//reportstrategies/VRS2018.psg'
WARNING: [Runs 36-546] Tool Report Strategy 'No Reports' from file '/tools/Xilinx/Vivado/2021.1/reportstrategies/VRS2018.psg' discarded because strategy with same name already parsed from '/tools/Xilinx/Vivado/2021.1//reportstrategies/VRS2018.psg'
WARNING: [Runs 36-546] Tool Report Strategy 'Vivado Synthesis Default Reports' from file '/tools/Xilinx/Vivado/2021.1/reportstrategies/VRS2017.psg' discarded because strategy with same name already parsed from '/tools/Xilinx/Vivado/2021.1//reportstrategies/VRS2017.psg'
WARNING: [Runs 36-546] Tool Report Strategy 'No Reports' from file '/tools/Xilinx/Vivado/2021.1/reportstrategies/VRS2017.psg' discarded because strategy with same name already parsed from '/tools/Xilinx/Vivado/2021.1//reportstrategies/VRS2017.psg'
WARNING: [Runs 36-546] Tool Report Strategy 'Vivado Synthesis Default Reports' from file '/tools/Xilinx/Vivado/2021.1/reportstrategies/VRS2021.psg' discarded because strategy with same name already parsed from '/tools/Xilinx/Vivado/2021.1//reportstrategies/VRS2021.psg'
WARNING: [Runs 36-546] Tool Report Strategy 'No Reports' from file '/tools/Xilinx/Vivado/2021.1/reportstrategies/VRS2021.psg' discarded because strategy with same name already parsed from '/tools/Xilinx/Vivado/2021.1//reportstrategies/VRS2021.psg'
WARNING: [Runs 36-546] Tool Report Strategy 'Vivado Synthesis Default Reports' from file '/tools/Xilinx/Vivado/2021.1/reportstrategies/VRS2019.psg' discarded because strategy with same name already parsed from '/tools/Xilinx/Vivado/2021.1//reportstrategies/VRS2019.psg'
WARNING: [Runs 36-546] Tool Report Strategy 'No Reports' from file '/tools/Xilinx/Vivado/2021.1/reportstrategies/VRS2019.psg' discarded because strategy with same name already parsed from '/tools/Xilinx/Vivado/2021.1//reportstrategies/VRS2019.psg'
WARNING: [Runs 36-546] Tool Report Strategy 'Vivado Implementation Default Reports' from file '/tools/Xilinx/Vivado/2021.1/reportstrategies/VRI2017.psg' discarded because strategy with same name already parsed from '/tools/Xilinx/Vivado/2021.1//reportstrategies/VRI2017.psg'
WARNING: [Runs 36-546] Tool Report Strategy 'UltraFast Design Methodology Reports' from file '/tools/Xilinx/Vivado/2021.1/reportstrategies/VRI2017.psg' discarded because strategy with same name already parsed from '/tools/Xilinx/Vivado/2021.1//reportstrategies/VRI2017.psg'
WARNING: [Runs 36-546] Tool Report Strategy 'Performance Explore Reports' from file '/tools/Xilinx/Vivado/2021.1/reportstrategies/VRI2017.psg' discarded because strategy with same name already parsed from '/tools/Xilinx/Vivado/2021.1//reportstrategies/VRI2017.psg'
WARNING: [Runs 36-546] Tool Report Strategy 'Timing Closure Reports' from file '/tools/Xilinx/Vivado/2021.1/reportstrategies/VRI2017.psg' discarded because strategy with same name already parsed from '/tools/Xilinx/Vivado/2021.1//reportstrategies/VRI2017.psg'
WARNING: [Runs 36-546] Tool Report Strategy 'No Reports' from file '/tools/Xilinx/Vivado/2021.1/reportstrategies/VRI2017.psg' discarded because strategy with same name already parsed from '/tools/Xilinx/Vivado/2021.1//reportstrategies/VRI2017.psg'
WARNING: [Runs 36-546] Tool Report Strategy 'Vivado Synthesis Default Reports' from file '/tools/Xilinx/Vivado/2021.1/reportstrategies/VRS2020.psg' discarded because strategy with same name already parsed from '/tools/Xilinx/Vivado/2021.1//reportstrategies/VRS2020.psg'
WARNING: [Runs 36-546] Tool Report Strategy 'No Reports' from file '/tools/Xilinx/Vivado/2021.1/reportstrategies/VRS2020.psg' discarded because strategy with same name already parsed from '/tools/Xilinx/Vivado/2021.1//reportstrategies/VRS2020.psg'
WARNING: [Runs 36-546] Tool Report Strategy 'Vivado Implementation Default Reports' from file '/tools/Xilinx/Vivado/2021.1/reportstrategies/VRI2020.psg' discarded because strategy with same name already parsed from '/tools/Xilinx/Vivado/2021.1//reportstrategies/VRI2020.psg'
WARNING: [Runs 36-546] Tool Report Strategy 'UltraFast Design Methodology Reports' from file '/tools/Xilinx/Vivado/2021.1/reportstrategies/VRI2020.psg' discarded because strategy with same name already parsed from '/tools/Xilinx/Vivado/2021.1//reportstrategies/VRI2020.psg'
WARNING: [Runs 36-546] Tool Report Strategy 'Performance Explore Reports' from file '/tools/Xilinx/Vivado/2021.1/reportstrategies/VRI2020.psg' discarded because strategy with same name already parsed from '/tools/Xilinx/Vivado/2021.1//reportstrategies/VRI2020.psg'
WARNING: [Runs 36-546] Tool Report Strategy 'Timing Closure Reports' from file '/tools/Xilinx/Vivado/2021.1/reportstrategies/VRI2020.psg' discarded because strategy with same name already parsed from '/tools/Xilinx/Vivado/2021.1//reportstrategies/VRI2020.psg'
WARNING: [Runs 36-546] Tool Report Strategy 'No Reports' from file '/tools/Xilinx/Vivado/2021.1/reportstrategies/VRI2020.psg' discarded because strategy with same name already parsed from '/tools/Xilinx/Vivado/2021.1//reportstrategies/VRI2020.psg'
WARNING: [Runs 36-546] Tool Report Strategy 'Vivado Implementation Default Reports' from file '/tools/Xilinx/Vivado/2021.1/reportstrategies/VRI2019.psg' discarded because strategy with same name already parsed from '/tools/Xilinx/Vivado/2021.1//reportstrategies/VRI2019.psg'
WARNING: [Runs 36-546] Tool Report Strategy 'UltraFast Design Methodology Reports' from file '/tools/Xilinx/Vivado/2021.1/reportstrategies/VRI2019.psg' discarded because strategy with same name already parsed from '/tools/Xilinx/Vivado/2021.1//reportstrategies/VRI2019.psg'
WARNING: [Runs 36-546] Tool Report Strategy 'Performance Explore Reports' from file '/tools/Xilinx/Vivado/2021.1/reportstrategies/VRI2019.psg' discarded because strategy with same name already parsed from '/tools/Xilinx/Vivado/2021.1//reportstrategies/VRI2019.psg'
WARNING: [Runs 36-546] Tool Report Strategy 'Timing Closure Reports' from file '/tools/Xilinx/Vivado/2021.1/reportstrategies/VRI2019.psg' discarded because strategy with same name already parsed from '/tools/Xilinx/Vivado/2021.1//reportstrategies/VRI2019.psg'
WARNING: [Runs 36-546] Tool Report Strategy 'No Reports' from file '/tools/Xilinx/Vivado/2021.1/reportstrategies/VRI2019.psg' discarded because strategy with same name already parsed from '/tools/Xilinx/Vivado/2021.1//reportstrategies/VRI2019.psg'
WARNING: [Runs 36-546] Tool Report Strategy 'Vivado Implementation Default Reports' from file '/tools/Xilinx/Vivado/2021.1/reportstrategies/VRI2021.psg' discarded because strategy with same name already parsed from '/tools/Xilinx/Vivado/2021.1//reportstrategies/VRI2021.psg'
WARNING: [Runs 36-546] Tool Report Strategy 'UltraFast Design Methodology Reports' from file '/tools/Xilinx/Vivado/2021.1/reportstrategies/VRI2021.psg' discarded because strategy with same name already parsed from '/tools/Xilinx/Vivado/2021.1//reportstrategies/VRI2021.psg'
WARNING: [Runs 36-546] Tool Report Strategy 'Performance Explore Reports' from file '/tools/Xilinx/Vivado/2021.1/reportstrategies/VRI2021.psg' discarded because strategy with same name already parsed from '/tools/Xilinx/Vivado/2021.1//reportstrategies/VRI2021.psg'
WARNING: [Runs 36-546] Tool Report Strategy 'Timing Closure Reports' from file '/tools/Xilinx/Vivado/2021.1/reportstrategies/VRI2021.psg' discarded because strategy with same name already parsed from '/tools/Xilinx/Vivado/2021.1//reportstrategies/VRI2021.psg'
WARNING: [Runs 36-546] Tool Report Strategy 'No Reports' from file '/tools/Xilinx/Vivado/2021.1/reportstrategies/VRI2021.psg' discarded because strategy with same name already parsed from '/tools/Xilinx/Vivado/2021.1//reportstrategies/VRI2021.psg'
WARNING: [Runs 36-546] Tool Report Strategy 'Vivado Implementation Default Reports' from file '/tools/Xilinx/Vivado/2021.1/reportstrategies/VRI2018.psg' discarded because strategy with same name already parsed from '/tools/Xilinx/Vivado/2021.1//reportstrategies/VRI2018.psg'
WARNING: [Runs 36-546] Tool Report Strategy 'UltraFast Design Methodology Reports' from file '/tools/Xilinx/Vivado/2021.1/reportstrategies/VRI2018.psg' discarded because strategy with same name already parsed from '/tools/Xilinx/Vivado/2021.1//reportstrategies/VRI2018.psg'
WARNING: [Runs 36-546] Tool Report Strategy 'Performance Explore Reports' from file '/tools/Xilinx/Vivado/2021.1/reportstrategies/VRI2018.psg' discarded because strategy with same name already parsed from '/tools/Xilinx/Vivado/2021.1//reportstrategies/VRI2018.psg'
WARNING: [Runs 36-546] Tool Report Strategy 'Timing Closure Reports' from file '/tools/Xilinx/Vivado/2021.1/reportstrategies/VRI2018.psg' discarded because strategy with same name already parsed from '/tools/Xilinx/Vivado/2021.1//reportstrategies/VRI2018.psg'
WARNING: [Runs 36-546] Tool Report Strategy 'No Reports' from file '/tools/Xilinx/Vivado/2021.1/reportstrategies/VRI2018.psg' discarded because strategy with same name already parsed from '/tools/Xilinx/Vivado/2021.1//reportstrategies/VRI2018.psg'
source create_prj_test1.tcl
# set origin_dir "."
# if { [info exists ::origin_dir_loc] } {
#   set origin_dir $::origin_dir_loc
# }
# set _xil_proj_name_ "frenzy_build"
# if { [info exists ::user_project_name] } {
#   set _xil_proj_name_ $::user_project_name
# }
# variable script_file
# set script_file "out.tcl"
# proc print_help {} {
#   variable script_file
#   puts "\nDescription:"
#   puts "Recreate a Vivado project from this script. The created project will be"
#   puts "functionally equivalent to the original project for which this script was"
#   puts "generated. The script contains commands for creating a project, filesets,"
#   puts "runs, adding/importing sources and setting properties on various objects.\n"
#   puts "Syntax:"
#   puts "$script_file"
#   puts "$script_file -tclargs \[--origin_dir <path>\]"
#   puts "$script_file -tclargs \[--project_name <name>\]"
#   puts "$script_file -tclargs \[--help\]\n"
#   puts "Usage:"
#   puts "Name                   Description"
#   puts "-------------------------------------------------------------------------"
#   puts "\[--origin_dir <path>\]  Determine source file paths wrt this path. Default"
#   puts "                       origin_dir path value is \".\", otherwise, the value"
#   puts "                       that was set with the \"-paths_relative_to\" switch"
#   puts "                       when this script was generated.\n"
#   puts "\[--project_name <name>\] Create project with the specified name. Default"
#   puts "                       name is the name of the project from where this"
#   puts "                       script was generated.\n"
#   puts "\[--help\]               Print help information for this script"
#   puts "-------------------------------------------------------------------------\n"
#   exit 0
# }
# if { $::argc > 0 } {
#   for {set i 0} {$i < $::argc} {incr i} {
#     set option [string trim [lindex $::argv $i]]
#     switch -regexp -- $option {
#       "--origin_dir"   { incr i; set origin_dir [lindex $::argv $i] }
#       "--project_name" { incr i; set _xil_proj_name_ [lindex $::argv $i] }
#       "--help"         { print_help }
#       default {
#         if { [regexp {^-} $option] } {
#           puts "ERROR: Unknown option '$option' specified, please type '$script_file -tclargs --help' for usage info.\n"
#           return 1
#         }
#       }
#     }
#   }
# }
# set orig_proj_dir "[file normalize "$origin_dir/frenzy_build"]"
# create_project ${_xil_proj_name_} ./${_xil_proj_name_} -part xcvu9p-flga2104-2L-e -force
# set proj_dir [get_property directory [current_project]]
# set obj [current_project]
# set_property -name "board_part" -value "xilinx.com:vcu118:part0:2.3" -objects $obj
# set_property -name "default_lib" -value "xil_defaultlib" -objects $obj
# set_property -name "dsa.accelerator_binary_content" -value "bitstream" -objects $obj
WARNING: [Common 17-599] Property 'dsa.accelerator_binary_content' is deprecated for object type 'project'. dsa.* properties have been deprecated, please use the corresponding platform.* properties.
# set_property -name "dsa.accelerator_binary_format" -value "xclbin2" -objects $obj
WARNING: [Common 17-599] Property 'dsa.accelerator_binary_format' is deprecated for object type 'project'. dsa.* properties have been deprecated, please use the corresponding platform.* properties.
# set_property -name "dsa.board_id" -value "vcu118" -objects $obj
WARNING: [Common 17-599] Property 'dsa.board_id' is deprecated for object type 'project'. dsa.* properties have been deprecated, please use the corresponding platform.* properties.
# set_property -name "dsa.description" -value "Vivado generated DSA" -objects $obj
WARNING: [Common 17-599] Property 'dsa.description' is deprecated for object type 'project'. dsa.* properties have been deprecated, please use the corresponding platform.* properties.
# set_property -name "dsa.dr_bd_base_address" -value "0" -objects $obj
WARNING: [Common 17-599] Property 'dsa.dr_bd_base_address' is deprecated for object type 'project'. dsa.* properties have been deprecated, please use the corresponding platform.* properties.
# set_property -name "dsa.emu_dir" -value "emu" -objects $obj
WARNING: [Common 17-599] Property 'dsa.emu_dir' is deprecated for object type 'project'. dsa.* properties have been deprecated, please use the corresponding platform.* properties.
# set_property -name "dsa.flash_interface_type" -value "bpix16" -objects $obj
WARNING: [Common 17-599] Property 'dsa.flash_interface_type' is deprecated for object type 'project'. dsa.* properties have been deprecated, please use the corresponding platform.* properties.
# set_property -name "dsa.flash_offset_address" -value "0" -objects $obj
WARNING: [Common 17-599] Property 'dsa.flash_offset_address' is deprecated for object type 'project'. dsa.* properties have been deprecated, please use the corresponding platform.* properties.
# set_property -name "dsa.flash_size" -value "1024" -objects $obj
WARNING: [Common 17-599] Property 'dsa.flash_size' is deprecated for object type 'project'. dsa.* properties have been deprecated, please use the corresponding platform.* properties.
# set_property -name "dsa.host_architecture" -value "x86_64" -objects $obj
WARNING: [Common 17-599] Property 'dsa.host_architecture' is deprecated for object type 'project'. dsa.* properties have been deprecated, please use the corresponding platform.* properties.
# set_property -name "dsa.host_interface" -value "pcie" -objects $obj
WARNING: [Common 17-599] Property 'dsa.host_interface' is deprecated for object type 'project'. dsa.* properties have been deprecated, please use the corresponding platform.* properties.
# set_property -name "dsa.num_compute_units" -value "60" -objects $obj
WARNING: [Common 17-599] Property 'dsa.num_compute_units' is deprecated for object type 'project'. dsa.* properties have been deprecated, please use the corresponding platform.* properties.
# set_property -name "dsa.platform_state" -value "pre_synth" -objects $obj
WARNING: [Common 17-599] Property 'dsa.platform_state' is deprecated for object type 'project'. dsa.* properties have been deprecated, please use the corresponding platform.* properties.
# set_property -name "dsa.vendor" -value "xilinx" -objects $obj
WARNING: [Common 17-599] Property 'dsa.vendor' is deprecated for object type 'project'. dsa.* properties have been deprecated, please use the corresponding platform.* properties.
# set_property -name "dsa.version" -value "0.0" -objects $obj
WARNING: [Common 17-599] Property 'dsa.version' is deprecated for object type 'project'. dsa.* properties have been deprecated, please use the corresponding platform.* properties.
# set_property -name "enable_vhdl_2008" -value "1" -objects $obj
# set_property -name "ip_cache_permissions" -value "read write" -objects $obj
# set_property -name "ip_output_repo" -value "$proj_dir/${_xil_proj_name_}.cache/ip" -objects $obj
# set_property -name "mem.enable_memory_map_generation" -value "1" -objects $obj
# set_property -name "sim.central_dir" -value "$proj_dir/${_xil_proj_name_}.ip_user_files" -objects $obj
# set_property -name "sim.ip.auto_export_scripts" -value "1" -objects $obj
# set_property -name "simulator_language" -value "Mixed" -objects $obj
# set_property -name "webtalk.activehdl_export_sim" -value "1" -objects $obj
# set_property -name "webtalk.ies_export_sim" -value "1" -objects $obj
# set_property -name "webtalk.modelsim_export_sim" -value "1" -objects $obj
# set_property -name "webtalk.questa_export_sim" -value "1" -objects $obj
# set_property -name "webtalk.riviera_export_sim" -value "1" -objects $obj
# set_property -name "webtalk.vcs_export_sim" -value "1" -objects $obj
# set_property -name "webtalk.xcelium_export_sim" -value "1" -objects $obj
# set_property -name "webtalk.xsim_export_sim" -value "1" -objects $obj
# set_property -name "webtalk.xsim_launch_sim" -value "9" -objects $obj
# if {[string equal [get_filesets -quiet sources_1] ""]} {
#   create_fileset -srcset sources_1
# }
# set obj [get_filesets sources_1]
# set files [list \
#  [file normalize "${origin_dir}/../src/panic_define.v"] \
#  [file normalize "${origin_dir}/../src/AES_engine.v"] \
#  [file normalize "${origin_dir}/../src/SHA_engine.v"] \
#  [file normalize "${origin_dir}/../src/SHA_warper.v"] \
#  [file normalize "${origin_dir}/../src/AES/aes_256.v"] \
#  [file normalize "${origin_dir}/../lib/axis/rtl/arbiter.v"] \
#  [file normalize "${origin_dir}/../src/asyn_SHA.v"] \
#  [file normalize "${origin_dir}/../lib/axis/rtl/axis_adapter.v"] \
#  [file normalize "${origin_dir}/../lib/axis/rtl/axis_async_fifo.v"] \
#  [file normalize "${origin_dir}/../lib/axis/rtl/axis_fifo.v"] \
#  [file normalize "${origin_dir}/../lib/axis/rtl/axis_fifo_adapter.v"] \
#  [file normalize "${origin_dir}/../src/Open-Source-Network-on-Chip-Router-RTL/src/clib/c_align.v"] \
#  [file normalize "${origin_dir}/../src/Open-Source-Network-on-Chip-Router-RTL/src/clib/c_constants.v"] \
#  [file normalize "${origin_dir}/../src/Open-Source-Network-on-Chip-Router-RTL/src/clib/c_functions.v"] \
#  [file normalize "${origin_dir}/../src/Open-Source-Network-on-Chip-Router-RTL/src/clib/c_arbiter.v"] \
#  [file normalize "${origin_dir}/../src/Open-Source-Network-on-Chip-Router-RTL/src/clib/c_binary_op.v"] \
#  [file normalize "${origin_dir}/../src/Open-Source-Network-on-Chip-Router-RTL/src/clib/c_crossbar.v"] \
#  [file normalize "${origin_dir}/../src/Open-Source-Network-on-Chip-Router-RTL/src/clib/c_damq_ctrl.v"] \
#  [file normalize "${origin_dir}/../src/Open-Source-Network-on-Chip-Router-RTL/src/clib/c_damq_tracker.v"] \
#  [file normalize "${origin_dir}/../src/Open-Source-Network-on-Chip-Router-RTL/src/clib/c_decode.v"] \
#  [file normalize "${origin_dir}/../src/Open-Source-Network-on-Chip-Router-RTL/src/clib/c_decr.v"] \
#  [file normalize "${origin_dir}/../src/Open-Source-Network-on-Chip-Router-RTL/src/clib/c_dff.v"] \
#  [file normalize "${origin_dir}/../src/Open-Source-Network-on-Chip-Router-RTL/src/clib/c_diag_op.v"] \
#  [file normalize "${origin_dir}/../src/Open-Source-Network-on-Chip-Router-RTL/src/clib/c_encode.v"] \
#  [file normalize "${origin_dir}/../src/Open-Source-Network-on-Chip-Router-RTL/src/clib/c_err_rpt.v"] \
#  [file normalize "${origin_dir}/../src/Open-Source-Network-on-Chip-Router-RTL/src/clib/c_fifo_ctrl.v"] \
#  [file normalize "${origin_dir}/../src/Open-Source-Network-on-Chip-Router-RTL/src/clib/c_fifo_tracker.v"] \
#  [file normalize "${origin_dir}/../src/Open-Source-Network-on-Chip-Router-RTL/src/clib/c_gate_bits.v"] \
#  [file normalize "${origin_dir}/../src/Open-Source-Network-on-Chip-Router-RTL/src/clib/c_incr.v"] \
#  [file normalize "${origin_dir}/../src/Open-Source-Network-on-Chip-Router-RTL/src/clib/c_interleave.v"] \
#  [file normalize "${origin_dir}/../src/Open-Source-Network-on-Chip-Router-RTL/src/clib/c_lod.v"] \
#  [file normalize "${origin_dir}/../src/Open-Source-Network-on-Chip-Router-RTL/src/clib/c_mat_mult.v"] \
#  [file normalize "${origin_dir}/../src/Open-Source-Network-on-Chip-Router-RTL/src/clib/c_matrix_arbiter.v"] \
#  [file normalize "${origin_dir}/../src/Open-Source-Network-on-Chip-Router-RTL/src/clib/c_multi_hot_det.v"] \
#  [file normalize "${origin_dir}/../src/Open-Source-Network-on-Chip-Router-RTL/src/clib/c_one_hot_filter.v"] \
#  [file normalize "${origin_dir}/../src/Open-Source-Network-on-Chip-Router-RTL/src/clib/c_one_hot_therm_conv.v"] \
#  [file normalize "${origin_dir}/../src/Open-Source-Network-on-Chip-Router-RTL/src/clib/c_prefix_arbiter.v"] \
#  [file normalize "${origin_dir}/../src/Open-Source-Network-on-Chip-Router-RTL/src/clib/c_prefix_arbiter_base.v"] \
#  [file normalize "${origin_dir}/../src/Open-Source-Network-on-Chip-Router-RTL/src/clib/c_prefix_net.v"] \
#  [file normalize "${origin_dir}/../src/Open-Source-Network-on-Chip-Router-RTL/src/clib/c_reduce_bits.v"] \
#  [file normalize "${origin_dir}/../src/Open-Source-Network-on-Chip-Router-RTL/src/clib/c_regfile.v"] \
#  [file normalize "${origin_dir}/../src/Open-Source-Network-on-Chip-Router-RTL/src/clib/c_reverse.v"] \
#  [file normalize "${origin_dir}/../src/Open-Source-Network-on-Chip-Router-RTL/src/clib/c_rotate.v"] \
#  [file normalize "${origin_dir}/../src/Open-Source-Network-on-Chip-Router-RTL/src/clib/c_rr_arbiter.v"] \
#  [file normalize "${origin_dir}/../src/Open-Source-Network-on-Chip-Router-RTL/src/clib/c_rr_arbiter_base.v"] \
#  [file normalize "${origin_dir}/../src/Open-Source-Network-on-Chip-Router-RTL/src/clib/c_samq_ctrl.v"] \
#  [file normalize "${origin_dir}/../src/Open-Source-Network-on-Chip-Router-RTL/src/clib/c_samq_tracker.v"] \
#  [file normalize "${origin_dir}/../src/Open-Source-Network-on-Chip-Router-RTL/src/clib/c_select_1ofn.v"] \
#  [file normalize "${origin_dir}/../src/Open-Source-Network-on-Chip-Router-RTL/src/clib/c_select_mofn.v"] \
#  [file normalize "${origin_dir}/../src/Open-Source-Network-on-Chip-Router-RTL/src/clib/c_wf_alloc.v"] \
#  [file normalize "${origin_dir}/../src/Open-Source-Network-on-Chip-Router-RTL/src/clib/c_wf_alloc_dpa.v"] \
#  [file normalize "${origin_dir}/../src/Open-Source-Network-on-Chip-Router-RTL/src/clib/c_wf_alloc_loop.v"] \
#  [file normalize "${origin_dir}/../src/Open-Source-Network-on-Chip-Router-RTL/src/clib/c_wf_alloc_mux.v"] \
#  [file normalize "${origin_dir}/../src/Open-Source-Network-on-Chip-Router-RTL/src/clib/c_wf_alloc_rep.v"] \
#  [file normalize "${origin_dir}/../src/Open-Source-Network-on-Chip-Router-RTL/src/clib/c_wf_alloc_rot.v"] \
#  [file normalize "${origin_dir}/../src/Open-Source-Network-on-Chip-Router-RTL/src/clib/c_wf_alloc_sdpa.v"] \
#  [file normalize "${origin_dir}/../src/SHA3/f_permutation.v"] \
#  [file normalize "${origin_dir}/../src/header_parser.v"] \
#  [file normalize "${origin_dir}/../src/SHA3/keccak.v"] \
#  [file normalize "${origin_dir}/../src/SHA3/padder.v"] \
#  [file normalize "${origin_dir}/../src/SHA3/padder1.v"] \
#  [file normalize "${origin_dir}/../src/panic.v"] \
#  [file normalize "${origin_dir}/../src/panic_dma.v"] \
#  [file normalize "${origin_dir}/../src/panic_memory_alloc.v"] \
#  [file normalize "${origin_dir}/../src/Open-Source-Network-on-Chip-Router-RTL/src/vcr_constants.v"] \
#  [file normalize "${origin_dir}/../src/Open-Source-Network-on-Chip-Router-RTL/src/rtr_constants.v"] \
#  [file normalize "${origin_dir}/../src/panic_noc_warp.v"] \
#  [file normalize "${origin_dir}/../src/panic_parser.v"] \
#  [file normalize "${origin_dir}/../src/panic_scheduler.v"] \
#  [file normalize "${origin_dir}/../src/perf_counter.v"] \
#  [file normalize "${origin_dir}/../src/perf_laten.v"] \
#  [file normalize "${origin_dir}/../src/pifo_warp.v"] \
#  [file normalize "${origin_dir}/../lib/axis/rtl/priority_encoder.v"] \
#  [file normalize "${origin_dir}/../src/rand_mem_alloc.v"] \
#  [file normalize "${origin_dir}/../src/SHA3/rconst2in1.v"] \
#  [file normalize "${origin_dir}/../src/AES/round.v"] \
#  [file normalize "${origin_dir}/../src/SHA3/round2in1.v"] \
#  [file normalize "${origin_dir}/../src/Open-Source-Network-on-Chip-Router-RTL/src/parameters.v"] \
#  [file normalize "${origin_dir}/../src/Open-Source-Network-on-Chip-Router-RTL/src/router_wrap.v"] \
#  [file normalize "${origin_dir}/../src/Open-Source-Network-on-Chip-Router-RTL/src/rtr_alloc_mac.v"] \
#  [file normalize "${origin_dir}/../src/Open-Source-Network-on-Chip-Router-RTL/src/rtr_channel_input.v"] \
#  [file normalize "${origin_dir}/../src/Open-Source-Network-on-Chip-Router-RTL/src/rtr_channel_output.v"] \
#  [file normalize "${origin_dir}/../src/Open-Source-Network-on-Chip-Router-RTL/src/rtr_crossbar_mac.v"] \
#  [file normalize "${origin_dir}/../src/Open-Source-Network-on-Chip-Router-RTL/src/rtr_fc_state.v"] \
#  [file normalize "${origin_dir}/../src/Open-Source-Network-on-Chip-Router-RTL/src/rtr_flags_mux.v"] \
#  [file normalize "${origin_dir}/../src/Open-Source-Network-on-Chip-Router-RTL/src/rtr_flit_buffer.v"] \
#  [file normalize "${origin_dir}/../src/Open-Source-Network-on-Chip-Router-RTL/src/rtr_flit_type_check.v"] \
#  [file normalize "${origin_dir}/../src/Open-Source-Network-on-Chip-Router-RTL/src/rtr_flow_ctrl_input.v"] \
#  [file normalize "${origin_dir}/../src/Open-Source-Network-on-Chip-Router-RTL/src/rtr_flow_ctrl_output.v"] \
#  [file normalize "${origin_dir}/../src/Open-Source-Network-on-Chip-Router-RTL/src/rtr_ip_ctrl_mac.v"] \
#  [file normalize "${origin_dir}/../src/Open-Source-Network-on-Chip-Router-RTL/src/rtr_next_hop_addr.v"] \
#  [file normalize "${origin_dir}/../src/Open-Source-Network-on-Chip-Router-RTL/src/rtr_op_ctrl_mac.v"] \
#  [file normalize "${origin_dir}/../src/Open-Source-Network-on-Chip-Router-RTL/src/rtr_route_filter.v"] \
#  [file normalize "${origin_dir}/../src/Open-Source-Network-on-Chip-Router-RTL/src/rtr_routing_logic.v"] \
#  [file normalize "${origin_dir}/../src/Open-Source-Network-on-Chip-Router-RTL/src/rtr_top.v"] \
#  [file normalize "${origin_dir}/../lib/axis/rtl/sync_reset.v"] \
#  [file normalize "${origin_dir}/../src/AES/table.v"] \
#  [file normalize "${origin_dir}/../src/Open-Source-Network-on-Chip-Router-RTL/src/vcr_alloc_mac.v"] \
#  [file normalize "${origin_dir}/../src/Open-Source-Network-on-Chip-Router-RTL/src/vcr_ip_ctrl_mac.v"] \
#  [file normalize "${origin_dir}/../src/Open-Source-Network-on-Chip-Router-RTL/src/vcr_ivc_ctrl.v"] \
#  [file normalize "${origin_dir}/../src/Open-Source-Network-on-Chip-Router-RTL/src/vcr_op_ctrl_mac.v"] \
#  [file normalize "${origin_dir}/../src/Open-Source-Network-on-Chip-Router-RTL/src/vcr_ovc_ctrl.v"] \
#  [file normalize "${origin_dir}/../src/Open-Source-Network-on-Chip-Router-RTL/src/vcr_sw_alloc_sep_if.v"] \
#  [file normalize "${origin_dir}/../src/Open-Source-Network-on-Chip-Router-RTL/src/vcr_sw_alloc_sep_of.v"] \
#  [file normalize "${origin_dir}/../src/Open-Source-Network-on-Chip-Router-RTL/src/vcr_sw_alloc_wf.v"] \
#  [file normalize "${origin_dir}/../src/Open-Source-Network-on-Chip-Router-RTL/src/vcr_top.v"] \
#  [file normalize "${origin_dir}/../src/Open-Source-Network-on-Chip-Router-RTL/src/vcr_vc_alloc_sep_if.v"] \
#  [file normalize "${origin_dir}/../src/Open-Source-Network-on-Chip-Router-RTL/src/vcr_vc_alloc_sep_of.v"] \
#  [file normalize "${origin_dir}/../src/Open-Source-Network-on-Chip-Router-RTL/src/vcr_vc_alloc_wf.v"] \
#  [file normalize "${origin_dir}/../src/Open-Source-Network-on-Chip-Router-RTL/src/whr_alloc_mac.v"] \
#  [file normalize "${origin_dir}/../src/Open-Source-Network-on-Chip-Router-RTL/src/whr_constants.v"] \
#  [file normalize "${origin_dir}/../src/Open-Source-Network-on-Chip-Router-RTL/src/whr_ip_ctrl_mac.v"] \
#  [file normalize "${origin_dir}/../src/Open-Source-Network-on-Chip-Router-RTL/src/whr_op_ctrl_mac.v"] \
#  [file normalize "${origin_dir}/../src/Open-Source-Network-on-Chip-Router-RTL/src/whr_top.v"] \
#  [file normalize "${origin_dir}/../src/pifo.sv"] \
#  [file normalize "${origin_dir}/../src/packet_gen_shaaes.v"] \
#  [file normalize "${origin_dir}/../lib/axi/rtl/arbiter.v"] \
#  [file normalize "${origin_dir}/../lib/axi/rtl/priority_encoder.v"] \
#  [file normalize "${origin_dir}/../src/Open-Source-Network-on-Chip-Router-RTL/src/clib/c_fifo.v"] \
#  [file normalize "${origin_dir}/../src/Open-Source-Network-on-Chip-Router-RTL/src/clib/c_shift_reg.v"] \
#  [file normalize "${origin_dir}/../lib/axi/rtl/axi_ram.v"] \
#  [file normalize "${origin_dir}/../lib/axi/rtl/axi_dma_wr.v"] \
#  [file normalize "${origin_dir}/../lib/axi/rtl/axi_dma_rd.v"] \
#  [file normalize "${origin_dir}/../lib/axi/rtl/axi_dma.v"] \
#  [file normalize "${origin_dir}/../src/Open-Source-Network-on-Chip-Router-RTL/src/clib/c_add_nto1.v"] \
#  [file normalize "${origin_dir}/../src/Open-Source-Network-on-Chip-Router-RTL/src/clib/c_clkgate.v"] \
#  [file normalize "${origin_dir}/../src/Open-Source-Network-on-Chip-Router-RTL/src/clib/c_fbgen.v"] \
#  [file normalize "${origin_dir}/../src/Open-Source-Network-on-Chip-Router-RTL/src/clib/c_fbmult.v"] \
#  [file normalize "${origin_dir}/../src/Open-Source-Network-on-Chip-Router-RTL/src/clib/c_gather.v"] \
#  [file normalize "${origin_dir}/../src/Open-Source-Network-on-Chip-Router-RTL/src/clib/c_lfsr.v"] \
#  [file normalize "${origin_dir}/../src/Open-Source-Network-on-Chip-Router-RTL/src/clib/c_prio_enc.v"] \
#  [file normalize "${origin_dir}/../src/Open-Source-Network-on-Chip-Router-RTL/src/clib/c_prio_sel.v"] \
#  [file normalize "${origin_dir}/../src/Open-Source-Network-on-Chip-Router-RTL/src/clib/c_scatter.v"] \
#  [file normalize "${origin_dir}/../src/compute_engine.v"] \
#  [file normalize "${origin_dir}/../src/onehot_to_bin.v"] \
#  [file normalize "${origin_dir}/../src/packet_gen_parallel.v"] \
#  [file normalize "${origin_dir}/../lib/axis/rtl/axis_async_fifo_adapter.v"] \
#  [file normalize "${origin_dir}/../lib/axis/rtl/axis_switch.v"] \
#  [file normalize "${origin_dir}/../lib/axis/rtl/axis_register.v"] \
#  [file normalize "${origin_dir}/../lib/axis/rtl/axis_mux.v"] \
#  [file normalize "${origin_dir}/../lib/axis/rtl/axis_demux.v"] \
#  [file normalize "${origin_dir}/../lib/axis/rtl/axis_arb_mux.v"] \
# ]
# add_files -norecurse -fileset $obj $files
# set file "$origin_dir/../src/pifo.sv"
# set file [file normalize $file]
# set file_obj [get_files -of_objects [get_filesets sources_1] [list "*$file"]]
# set_property -name "file_type" -value "SystemVerilog" -objects $file_obj
# set obj [get_filesets sources_1]
# set_property -name "top" -value "packet_gen_parallel" -objects $obj
# set_property -name "top_auto_set" -value "0" -objects $obj
# if {[string equal [get_filesets -quiet constrs_1] ""]} {
#   create_fileset -constrset constrs_1
# }
# set obj [get_filesets constrs_1]
# set obj [get_filesets constrs_1]
# if {[string equal [get_filesets -quiet sim_1] ""]} {
#   create_fileset -simset sim_1
# }
# set obj [get_filesets sim_1]
# set obj [get_filesets sim_1]
# set_property -name "top" -value "packet_gen_parallel" -objects $obj
# set_property -name "top_auto_set" -value "0" -objects $obj
# set_property -name "top_lib" -value "xil_defaultlib" -objects $obj
# set obj [get_filesets utils_1]
# set obj [get_filesets utils_1]
# if {[string equal [get_runs -quiet synth_1] ""]} {
#     create_run -name synth_1 -part xcvu9p-flga2104-2L-e -flow {Vivado Synthesis 2019} -strategy "Vivado Synthesis Defaults" -report_strategy {No Reports} -constrset constrs_1
# } else {
#   set_property strategy "Vivado Synthesis Defaults" [get_runs synth_1]
#   set_property flow "Vivado Synthesis 2019" [get_runs synth_1]
# }
# set obj [get_runs synth_1]
# set_property set_report_strategy_name 1 $obj
# set_property report_strategy {Vivado Synthesis Default Reports} $obj
# set_property set_report_strategy_name 0 $obj
# if { [ string equal [get_report_configs -of_objects [get_runs synth_1] synth_1_synth_report_utilization_0] "" ] } {
#   create_report_config -report_name synth_1_synth_report_utilization_0 -report_type report_utilization:1.0 -steps synth_design -runs synth_1
# }
# set obj [get_report_configs -of_objects [get_runs synth_1] synth_1_synth_report_utilization_0]
# if { $obj != "" } {
# 
# }
# set obj [get_runs synth_1]
# set_property -name "strategy" -value "Vivado Synthesis Defaults" -objects $obj
# current_run -synthesis [get_runs synth_1]
# if {[string equal [get_runs -quiet impl_1] ""]} {
#     create_run -name impl_1 -part xcvu9p-flga2104-2L-e -flow {Vivado Implementation 2019} -strategy "Vivado Implementation Defaults" -report_strategy {No Reports} -constrset constrs_1 -parent_run synth_1
# } else {
#   set_property strategy "Vivado Implementation Defaults" [get_runs impl_1]
#   set_property flow "Vivado Implementation 2019" [get_runs impl_1]
# }
# set obj [get_runs impl_1]
# set_property set_report_strategy_name 1 $obj
# set_property report_strategy {Vivado Implementation Default Reports} $obj
# set_property set_report_strategy_name 0 $obj
# if { [ string equal [get_report_configs -of_objects [get_runs impl_1] impl_1_init_report_timing_summary_0] "" ] } {
#   create_report_config -report_name impl_1_init_report_timing_summary_0 -report_type report_timing_summary:1.0 -steps init_design -runs impl_1
# }
# set obj [get_report_configs -of_objects [get_runs impl_1] impl_1_init_report_timing_summary_0]
# if { $obj != "" } {
# set_property -name "is_enabled" -value "0" -objects $obj
# set_property -name "options.max_paths" -value "10" -objects $obj
# 
# }
# if { [ string equal [get_report_configs -of_objects [get_runs impl_1] impl_1_opt_report_drc_0] "" ] } {
#   create_report_config -report_name impl_1_opt_report_drc_0 -report_type report_drc:1.0 -steps opt_design -runs impl_1
# }
# set obj [get_report_configs -of_objects [get_runs impl_1] impl_1_opt_report_drc_0]
# if { $obj != "" } {
# 
# }
# if { [ string equal [get_report_configs -of_objects [get_runs impl_1] impl_1_opt_report_timing_summary_0] "" ] } {
#   create_report_config -report_name impl_1_opt_report_timing_summary_0 -report_type report_timing_summary:1.0 -steps opt_design -runs impl_1
# }
# set obj [get_report_configs -of_objects [get_runs impl_1] impl_1_opt_report_timing_summary_0]
# if { $obj != "" } {
# set_property -name "is_enabled" -value "0" -objects $obj
# set_property -name "options.max_paths" -value "10" -objects $obj
# 
# }
# if { [ string equal [get_report_configs -of_objects [get_runs impl_1] impl_1_power_opt_report_timing_summary_0] "" ] } {
#   create_report_config -report_name impl_1_power_opt_report_timing_summary_0 -report_type report_timing_summary:1.0 -steps power_opt_design -runs impl_1
# }
# set obj [get_report_configs -of_objects [get_runs impl_1] impl_1_power_opt_report_timing_summary_0]
# if { $obj != "" } {
# set_property -name "is_enabled" -value "0" -objects $obj
# set_property -name "options.max_paths" -value "10" -objects $obj
# 
# }
# if { [ string equal [get_report_configs -of_objects [get_runs impl_1] impl_1_place_report_io_0] "" ] } {
#   create_report_config -report_name impl_1_place_report_io_0 -report_type report_io:1.0 -steps place_design -runs impl_1
# }
# set obj [get_report_configs -of_objects [get_runs impl_1] impl_1_place_report_io_0]
# if { $obj != "" } {
# 
# }
# if { [ string equal [get_report_configs -of_objects [get_runs impl_1] impl_1_place_report_utilization_0] "" ] } {
#   create_report_config -report_name impl_1_place_report_utilization_0 -report_type report_utilization:1.0 -steps place_design -runs impl_1
# }
# set obj [get_report_configs -of_objects [get_runs impl_1] impl_1_place_report_utilization_0]
# if { $obj != "" } {
# 
# }
# if { [ string equal [get_report_configs -of_objects [get_runs impl_1] impl_1_place_report_control_sets_0] "" ] } {
#   create_report_config -report_name impl_1_place_report_control_sets_0 -report_type report_control_sets:1.0 -steps place_design -runs impl_1
# }
# set obj [get_report_configs -of_objects [get_runs impl_1] impl_1_place_report_control_sets_0]
# if { $obj != "" } {
# set_property -name "options.verbose" -value "1" -objects $obj
# 
# }
# if { [ string equal [get_report_configs -of_objects [get_runs impl_1] impl_1_place_report_incremental_reuse_0] "" ] } {
#   create_report_config -report_name impl_1_place_report_incremental_reuse_0 -report_type report_incremental_reuse:1.0 -steps place_design -runs impl_1
# }
# set obj [get_report_configs -of_objects [get_runs impl_1] impl_1_place_report_incremental_reuse_0]
# if { $obj != "" } {
# set_property -name "is_enabled" -value "0" -objects $obj
# 
# }
# if { [ string equal [get_report_configs -of_objects [get_runs impl_1] impl_1_place_report_incremental_reuse_1] "" ] } {
#   create_report_config -report_name impl_1_place_report_incremental_reuse_1 -report_type report_incremental_reuse:1.0 -steps place_design -runs impl_1
# }
# set obj [get_report_configs -of_objects [get_runs impl_1] impl_1_place_report_incremental_reuse_1]
# if { $obj != "" } {
# set_property -name "is_enabled" -value "0" -objects $obj
# 
# }
# if { [ string equal [get_report_configs -of_objects [get_runs impl_1] impl_1_place_report_timing_summary_0] "" ] } {
#   create_report_config -report_name impl_1_place_report_timing_summary_0 -report_type report_timing_summary:1.0 -steps place_design -runs impl_1
# }
# set obj [get_report_configs -of_objects [get_runs impl_1] impl_1_place_report_timing_summary_0]
# if { $obj != "" } {
# set_property -name "is_enabled" -value "0" -objects $obj
# set_property -name "options.max_paths" -value "10" -objects $obj
# 
# }
# if { [ string equal [get_report_configs -of_objects [get_runs impl_1] impl_1_post_place_power_opt_report_timing_summary_0] "" ] } {
#   create_report_config -report_name impl_1_post_place_power_opt_report_timing_summary_0 -report_type report_timing_summary:1.0 -steps post_place_power_opt_design -runs impl_1
# }
# set obj [get_report_configs -of_objects [get_runs impl_1] impl_1_post_place_power_opt_report_timing_summary_0]
# if { $obj != "" } {
# set_property -name "is_enabled" -value "0" -objects $obj
# set_property -name "options.max_paths" -value "10" -objects $obj
# 
# }
# if { [ string equal [get_report_configs -of_objects [get_runs impl_1] impl_1_phys_opt_report_timing_summary_0] "" ] } {
#   create_report_config -report_name impl_1_phys_opt_report_timing_summary_0 -report_type report_timing_summary:1.0 -steps phys_opt_design -runs impl_1
# }
# set obj [get_report_configs -of_objects [get_runs impl_1] impl_1_phys_opt_report_timing_summary_0]
# if { $obj != "" } {
# set_property -name "is_enabled" -value "0" -objects $obj
# set_property -name "options.max_paths" -value "10" -objects $obj
# 
# }
# if { [ string equal [get_report_configs -of_objects [get_runs impl_1] impl_1_route_report_drc_0] "" ] } {
#   create_report_config -report_name impl_1_route_report_drc_0 -report_type report_drc:1.0 -steps route_design -runs impl_1
# }
# set obj [get_report_configs -of_objects [get_runs impl_1] impl_1_route_report_drc_0]
# if { $obj != "" } {
# 
# }
# if { [ string equal [get_report_configs -of_objects [get_runs impl_1] impl_1_route_report_methodology_0] "" ] } {
#   create_report_config -report_name impl_1_route_report_methodology_0 -report_type report_methodology:1.0 -steps route_design -runs impl_1
# }
# set obj [get_report_configs -of_objects [get_runs impl_1] impl_1_route_report_methodology_0]
# if { $obj != "" } {
# 
# }
# if { [ string equal [get_report_configs -of_objects [get_runs impl_1] impl_1_route_report_power_0] "" ] } {
#   create_report_config -report_name impl_1_route_report_power_0 -report_type report_power:1.0 -steps route_design -runs impl_1
# }
# set obj [get_report_configs -of_objects [get_runs impl_1] impl_1_route_report_power_0]
# if { $obj != "" } {
# 
# }
# if { [ string equal [get_report_configs -of_objects [get_runs impl_1] impl_1_route_report_route_status_0] "" ] } {
#   create_report_config -report_name impl_1_route_report_route_status_0 -report_type report_route_status:1.0 -steps route_design -runs impl_1
# }
# set obj [get_report_configs -of_objects [get_runs impl_1] impl_1_route_report_route_status_0]
# if { $obj != "" } {
# 
# }
# if { [ string equal [get_report_configs -of_objects [get_runs impl_1] impl_1_route_report_timing_summary_0] "" ] } {
#   create_report_config -report_name impl_1_route_report_timing_summary_0 -report_type report_timing_summary:1.0 -steps route_design -runs impl_1
# }
# set obj [get_report_configs -of_objects [get_runs impl_1] impl_1_route_report_timing_summary_0]
# if { $obj != "" } {
# set_property -name "options.max_paths" -value "10" -objects $obj
# 
# }
# if { [ string equal [get_report_configs -of_objects [get_runs impl_1] impl_1_route_report_incremental_reuse_0] "" ] } {
#   create_report_config -report_name impl_1_route_report_incremental_reuse_0 -report_type report_incremental_reuse:1.0 -steps route_design -runs impl_1
# }
# set obj [get_report_configs -of_objects [get_runs impl_1] impl_1_route_report_incremental_reuse_0]
# if { $obj != "" } {
# 
# }
# if { [ string equal [get_report_configs -of_objects [get_runs impl_1] impl_1_route_report_clock_utilization_0] "" ] } {
#   create_report_config -report_name impl_1_route_report_clock_utilization_0 -report_type report_clock_utilization:1.0 -steps route_design -runs impl_1
# }
# set obj [get_report_configs -of_objects [get_runs impl_1] impl_1_route_report_clock_utilization_0]
# if { $obj != "" } {
# 
# }
# if { [ string equal [get_report_configs -of_objects [get_runs impl_1] impl_1_route_report_bus_skew_0] "" ] } {
#   create_report_config -report_name impl_1_route_report_bus_skew_0 -report_type report_bus_skew:1.1 -steps route_design -runs impl_1
# }
# set obj [get_report_configs -of_objects [get_runs impl_1] impl_1_route_report_bus_skew_0]
# if { $obj != "" } {
# set_property -name "options.warn_on_violation" -value "1" -objects $obj
# 
# }
# if { [ string equal [get_report_configs -of_objects [get_runs impl_1] impl_1_post_route_phys_opt_report_timing_summary_0] "" ] } {
#   create_report_config -report_name impl_1_post_route_phys_opt_report_timing_summary_0 -report_type report_timing_summary:1.0 -steps post_route_phys_opt_design -runs impl_1
# }
# set obj [get_report_configs -of_objects [get_runs impl_1] impl_1_post_route_phys_opt_report_timing_summary_0]
# if { $obj != "" } {
# set_property -name "options.max_paths" -value "10" -objects $obj
# set_property -name "options.warn_on_violation" -value "1" -objects $obj
# 
# }
# if { [ string equal [get_report_configs -of_objects [get_runs impl_1] impl_1_post_route_phys_opt_report_bus_skew_0] "" ] } {
#   create_report_config -report_name impl_1_post_route_phys_opt_report_bus_skew_0 -report_type report_bus_skew:1.1 -steps post_route_phys_opt_design -runs impl_1
# }
# set obj [get_report_configs -of_objects [get_runs impl_1] impl_1_post_route_phys_opt_report_bus_skew_0]
# if { $obj != "" } {
# set_property -name "options.warn_on_violation" -value "1" -objects $obj
# 
# }
# set obj [get_runs impl_1]
# set_property -name "strategy" -value "Vivado Implementation Defaults" -objects $obj
# set_property -name "steps.write_bitstream.args.readback_file" -value "0" -objects $obj
# set_property -name "steps.write_bitstream.args.verbose" -value "0" -objects $obj
# current_run -implementation [get_runs impl_1]
# puts "INFO: Project created:${_xil_proj_name_}"
INFO: Project created:frenzy_build
# if {[string equal [get_dashboard_gadgets  [ list "drc_1" ] ] ""]} {
# create_dashboard_gadget -name {drc_1} -type drc
# }
# set obj [get_dashboard_gadgets [ list "drc_1" ] ]
# set_property -name "reports" -value "impl_1#impl_1_route_report_drc_0" -objects $obj
# if {[string equal [get_dashboard_gadgets  [ list "methodology_1" ] ] ""]} {
# create_dashboard_gadget -name {methodology_1} -type methodology
# }
# set obj [get_dashboard_gadgets [ list "methodology_1" ] ]
# set_property -name "reports" -value "impl_1#impl_1_route_report_methodology_0" -objects $obj
# if {[string equal [get_dashboard_gadgets  [ list "power_1" ] ] ""]} {
# create_dashboard_gadget -name {power_1} -type power
# }
# set obj [get_dashboard_gadgets [ list "power_1" ] ]
# set_property -name "reports" -value "impl_1#impl_1_route_report_power_0" -objects $obj
# if {[string equal [get_dashboard_gadgets  [ list "timing_1" ] ] ""]} {
# create_dashboard_gadget -name {timing_1} -type timing
# }
# set obj [get_dashboard_gadgets [ list "timing_1" ] ]
# set_property -name "reports" -value "impl_1#impl_1_route_report_timing_summary_0" -objects $obj
# if {[string equal [get_dashboard_gadgets  [ list "utilization_1" ] ] ""]} {
# create_dashboard_gadget -name {utilization_1} -type utilization
# }
# set obj [get_dashboard_gadgets [ list "utilization_1" ] ]
# set_property -name "reports" -value "synth_1#synth_1_synth_report_utilization_0" -objects $obj
# set_property -name "run.step" -value "synth_design" -objects $obj
# set_property -name "run.type" -value "synthesis" -objects $obj
# if {[string equal [get_dashboard_gadgets  [ list "utilization_2" ] ] ""]} {
# create_dashboard_gadget -name {utilization_2} -type utilization
# }
# set obj [get_dashboard_gadgets [ list "utilization_2" ] ]
# set_property -name "reports" -value "impl_1#impl_1_place_report_utilization_0" -objects $obj
# move_dashboard_gadget -name {utilization_1} -row 0 -col 0
# move_dashboard_gadget -name {power_1} -row 1 -col 0
# move_dashboard_gadget -name {drc_1} -row 2 -col 0
# move_dashboard_gadget -name {timing_1} -row 0 -col 1
# move_dashboard_gadget -name {utilization_2} -row 1 -col 1
# move_dashboard_gadget -name {methodology_1} -row 2 -col 1
# export_simulation -simulator xsim  -force
rdi::is_system_sim_design: Time (s): cpu = 00:00:06 ; elapsed = 00:00:07 . Memory (MB): peak = 2588.293 ; gain = 2.031 ; free physical = 114194 ; free virtual = 125270
INFO: [SIM-utils-72] Using boost library from '/tools/Xilinx/Vivado/2021.1/tps/boost_1_72_0'
INFO: [SIM-utils-72] Using boost library from '/tools/Xilinx/Vivado/2021.1/tps/boost_1_72_0'
INFO: [exportsim-Tcl-35] Exporting simulation files for "XSIM" (Xilinx Vivado Simulator)...
INFO: [exportsim-Tcl-29] Script generated: '/mnt/home/jxlin/panic_exp/build/export_sim/xsim/packet_gen_parallel.sh'
export_simulation: Time (s): cpu = 00:00:13 ; elapsed = 00:00:14 . Memory (MB): peak = 2588.293 ; gain = 2.031 ; free physical = 114156 ; free virtual = 125233
INFO: [Common 17-206] Exiting Vivado at Thu Apr  7 20:39:57 2022...
